==55820== Memcheck, a memory error detector
==55820== Copyright (C) 2002-2017, and GNU GPL'd, by Julian Seward et al.
==55820== Using Valgrind-3.14.0 and LibVEX; rerun with -h for copyright info
==55820== Command: /share/intel/2018u4/compilers_and_libraries_2018.5.274/linux/mpi/intel64/bin/mpirun ./exp_petsc.out
==55820== 
==55855== 
==55855== HEAP SUMMARY:
==55855==     in use at exit: 53,395 bytes in 1,142 blocks
==55855==   total heap usage: 1,688 allocs, 546 frees, 89,993 bytes allocated
==55855== 
==55855== LEAK SUMMARY:
==55855==    definitely lost: 0 bytes in 0 blocks
==55855==    indirectly lost: 0 bytes in 0 blocks
==55855==      possibly lost: 0 bytes in 0 blocks
==55855==    still reachable: 53,395 bytes in 1,142 blocks
==55855==         suppressed: 0 bytes in 0 blocks
==55855== Rerun with --leak-check=full to see details of leaked memory
==55855== 
==55855== For counts of detected and suppressed errors, rerun with: -v
==55855== ERROR SUMMARY: 0 errors from 0 contexts (suppressed: 0 from 0)
n = 100
restart = 0
dx = 0.010000
dt = 0.000010
Mat Object: 1 MPI processes
  type: seqaij
row 0: (0, 0.8)  (1, 0.1) 
row 1: (0, 0.1)  (1, 0.8)  (2, 0.1) 
row 2: (1, 0.1)  (2, 0.8)  (3, 0.1) 
row 3: (2, 0.1)  (3, 0.8)  (4, 0.1) 
row 4: (3, 0.1)  (4, 0.8)  (5, 0.1) 
row 5: (4, 0.1)  (5, 0.8)  (6, 0.1) 
row 6: (5, 0.1)  (6, 0.8)  (7, 0.1) 
row 7: (6, 0.1)  (7, 0.8)  (8, 0.1) 
row 8: (7, 0.1)  (8, 0.8)  (9, 0.1) 
row 9: (8, 0.1)  (9, 0.8)  (10, 0.1) 
row 10: (9, 0.1)  (10, 0.8)  (11, 0.1) 
row 11: (10, 0.1)  (11, 0.8)  (12, 0.1) 
row 12: (11, 0.1)  (12, 0.8)  (13, 0.1) 
row 13: (12, 0.1)  (13, 0.8)  (14, 0.1) 
row 14: (13, 0.1)  (14, 0.8)  (15, 0.1) 
row 15: (14, 0.1)  (15, 0.8)  (16, 0.1) 
row 16: (15, 0.1)  (16, 0.8)  (17, 0.1) 
row 17: (16, 0.1)  (17, 0.8)  (18, 0.1) 
row 18: (17, 0.1)  (18, 0.8)  (19, 0.1) 
row 19: (18, 0.1)  (19, 0.8)  (20, 0.1) 
row 20: (19, 0.1)  (20, 0.8)  (21, 0.1) 
row 21: (20, 0.1)  (21, 0.8)  (22, 0.1) 
row 22: (21, 0.1)  (22, 0.8)  (23, 0.1) 
row 23: (22, 0.1)  (23, 0.8)  (24, 0.1) 
row 24: (23, 0.1)  (24, 0.8)  (25, 0.1) 
row 25: (24, 0.1)  (25, 0.8)  (26, 0.1) 
row 26: (25, 0.1)  (26, 0.8)  (27, 0.1) 
row 27: (26, 0.1)  (27, 0.8)  (28, 0.1) 
row 28: (27, 0.1)  (28, 0.8)  (29, 0.1) 
row 29: (28, 0.1)  (29, 0.8)  (30, 0.1) 
row 30: (29, 0.1)  (30, 0.8)  (31, 0.1) 
row 31: (30, 0.1)  (31, 0.8)  (32, 0.1) 
row 32: (31, 0.1)  (32, 0.8)  (33, 0.1) 
row 33: (32, 0.1)  (33, 0.8)  (34, 0.1) 
row 34: (33, 0.1)  (34, 0.8)  (35, 0.1) 
row 35: (34, 0.1)  (35, 0.8)  (36, 0.1) 
row 36: (35, 0.1)  (36, 0.8)  (37, 0.1) 
row 37: (36, 0.1)  (37, 0.8)  (38, 0.1) 
row 38: (37, 0.1)  (38, 0.8)  (39, 0.1) 
row 39: (38, 0.1)  (39, 0.8)  (40, 0.1) 
row 40: (39, 0.1)  (40, 0.8)  (41, 0.1) 
row 41: (40, 0.1)  (41, 0.8)  (42, 0.1) 
row 42: (41, 0.1)  (42, 0.8)  (43, 0.1) 
row 43: (42, 0.1)  (43, 0.8)  (44, 0.1) 
row 44: (43, 0.1)  (44, 0.8)  (45, 0.1) 
row 45: (44, 0.1)  (45, 0.8)  (46, 0.1) 
row 46: (45, 0.1)  (46, 0.8)  (47, 0.1) 
row 47: (46, 0.1)  (47, 0.8)  (48, 0.1) 
row 48: (47, 0.1)  (48, 0.8)  (49, 0.1) 
row 49: (48, 0.1)  (49, 0.8)  (50, 0.1) 
row 50: (49, 0.1)  (50, 0.8)  (51, 0.1) 
row 51: (50, 0.1)  (51, 0.8)  (52, 0.1) 
row 52: (51, 0.1)  (52, 0.8)  (53, 0.1) 
row 53: (52, 0.1)  (53, 0.8)  (54, 0.1) 
row 54: (53, 0.1)  (54, 0.8)  (55, 0.1) 
row 55: (54, 0.1)  (55, 0.8)  (56, 0.1) 
row 56: (55, 0.1)  (56, 0.8)  (57, 0.1) 
row 57: (56, 0.1)  (57, 0.8)  (58, 0.1) 
row 58: (57, 0.1)  (58, 0.8)  (59, 0.1) 
row 59: (58, 0.1)  (59, 0.8)  (60, 0.1) 
row 60: (59, 0.1)  (60, 0.8)  (61, 0.1) 
row 61: (60, 0.1)  (61, 0.8)  (62, 0.1) 
row 62: (61, 0.1)  (62, 0.8)  (63, 0.1) 
row 63: (62, 0.1)  (63, 0.8)  (64, 0.1) 
row 64: (63, 0.1)  (64, 0.8)  (65, 0.1) 
row 65: (64, 0.1)  (65, 0.8)  (66, 0.1) 
row 66: (65, 0.1)  (66, 0.8)  (67, 0.1) 
row 67: (66, 0.1)  (67, 0.8)  (68, 0.1) 
row 68: (67, 0.1)  (68, 0.8)  (69, 0.1) 
row 69: (68, 0.1)  (69, 0.8)  (70, 0.1) 
row 70: (69, 0.1)  (70, 0.8)  (71, 0.1) 
row 71: (70, 0.1)  (71, 0.8)  (72, 0.1) 
row 72: (71, 0.1)  (72, 0.8)  (73, 0.1) 
row 73: (72, 0.1)  (73, 0.8)  (74, 0.1) 
row 74: (73, 0.1)  (74, 0.8)  (75, 0.1) 
row 75: (74, 0.1)  (75, 0.8)  (76, 0.1) 
row 76: (75, 0.1)  (76, 0.8)  (77, 0.1) 
row 77: (76, 0.1)  (77, 0.8)  (78, 0.1) 
row 78: (77, 0.1)  (78, 0.8)  (79, 0.1) 
row 79: (78, 0.1)  (79, 0.8)  (80, 0.1) 
row 80: (79, 0.1)  (80, 0.8)  (81, 0.1) 
row 81: (80, 0.1)  (81, 0.8)  (82, 0.1) 
row 82: (81, 0.1)  (82, 0.8)  (83, 0.1) 
row 83: (82, 0.1)  (83, 0.8)  (84, 0.1) 
row 84: (83, 0.1)  (84, 0.8)  (85, 0.1) 
row 85: (84, 0.1)  (85, 0.8)  (86, 0.1) 
row 86: (85, 0.1)  (86, 0.8)  (87, 0.1) 
row 87: (86, 0.1)  (87, 0.8)  (88, 0.1) 
row 88: (87, 0.1)  (88, 0.8)  (89, 0.1) 
row 89: (88, 0.1)  (89, 0.8)  (90, 0.1) 
row 90: (89, 0.1)  (90, 0.8)  (91, 0.1) 
row 91: (90, 0.1)  (91, 0.8)  (92, 0.1) 
row 92: (91, 0.1)  (92, 0.8)  (93, 0.1) 
row 93: (92, 0.1)  (93, 0.8)  (94, 0.1) 
row 94: (93, 0.1)  (94, 0.8)  (95, 0.1) 
row 95: (94, 0.1)  (95, 0.8)  (96, 0.1) 
row 96: (95, 0.1)  (96, 0.8)  (97, 0.1) 
row 97: (96, 0.1)  (97, 0.8)  (98, 0.1) 
row 98: (97, 0.1)  (98, 0.8)  (99, 0.1) 
row 99: (98, 0.1)  (99, 0.8)  (100, 0.1) 
row 100: (99, 0.1)  (100, 0.8) 
Vec Object: exp_heat_z 1 MPI processes
  type: seq
0.
0.00318284
0.00636253
0.00953595
0.0127
0.0158514
0.0189873
0.0221044
0.0251996
0.02827
0.0313125
0.0343242
0.0373019
0.0402428
0.043144
0.0460026
0.0488159
0.0515809
0.0542951
0.0569556
0.05956
0.0621056
0.0645899
0.0670104
0.0693648
0.0716508
0.073866
0.0760084
0.0780757
0.080066
0.0819773
0.0838077
0.0855553
0.0872186
0.0887957
0.0902853
0.0916857
0.0929956
0.0942138
0.095339
0.0963701
0.0973061
0.0981461
0.0988892
0.0995347
0.100082
0.100531
0.10088
0.10113
0.10128
0.10133
0.10128
0.10113
0.10088
0.100531
0.100082
0.0995347
0.0988892
0.0981461
0.0973061
0.0963701
0.095339
0.0942138
0.0929956
0.0916857
0.0902853
0.0887957
0.0872186
0.0855553
0.0838077
0.0819773
0.080066
0.0780757
0.0760084
0.073866
0.0716508
0.0693648
0.0670104
0.0645899
0.0621056
0.05956
0.0569556
0.0542951
0.0515809
0.0488159
0.0460026
0.043144
0.0402428
0.0373019
0.0343242
0.0313125
0.02827
0.0251996
0.0221044
0.0189873
0.0158514
0.0127
0.00953595
0.00636253
0.00318284
0.
==56679== 
==56679== HEAP SUMMARY:
==56679==     in use at exit: 55,717 bytes in 1,230 blocks
==56679==   total heap usage: 3,417 allocs, 2,187 frees, 142,355 bytes allocated
==56679== 
==56679== LEAK SUMMARY:
==56679==    definitely lost: 10 bytes in 1 blocks
==56679==    indirectly lost: 0 bytes in 0 blocks
==56679==      possibly lost: 0 bytes in 0 blocks
==56679==    still reachable: 55,707 bytes in 1,229 blocks
==56679==         suppressed: 0 bytes in 0 blocks
==56679== Rerun with --leak-check=full to see details of leaked memory
==56679== 
==56679== For counts of detected and suppressed errors, rerun with: -v
==56679== ERROR SUMMARY: 0 errors from 0 contexts (suppressed: 0 from 0)
==55820== 
==55820== HEAP SUMMARY:
==55820==     in use at exit: 59,166 bytes in 1,215 blocks
==55820==   total heap usage: 3,700 allocs, 2,485 frees, 148,585 bytes allocated
==55820== 
==55820== LEAK SUMMARY:
==55820==    definitely lost: 0 bytes in 0 blocks
==55820==    indirectly lost: 0 bytes in 0 blocks
==55820==      possibly lost: 0 bytes in 0 blocks
==55820==    still reachable: 59,166 bytes in 1,215 blocks
==55820==         suppressed: 0 bytes in 0 blocks
==55820== Rerun with --leak-check=full to see details of leaked memory
==55820== 
==55820== For counts of detected and suppressed errors, rerun with: -v
==55820== ERROR SUMMARY: 0 errors from 0 contexts (suppressed: 0 from 0)
